2017-10-04 21:56:25:147 +0200 [main] DEBUG com.google.firebase.internal.RevivingScheduledExecutor - Creating new thread for: FirebaseDatabaseWorker
2017-10-04 21:56:25:150 +0200 [FirebaseDatabaseWorker] DEBUG com.google.firebase.database.connection.PersistentConnection - pc_0 - Scheduling connection attempt
2017-10-04 21:56:25:154 +0200 [FirebaseDatabaseWorker] DEBUG com.google.firebase.database.connection.util.RetryHelper - Scheduling retry in 0ms
2017-10-04 21:56:25:195 +0200 [FirebaseDatabaseWorker] DEBUG com.google.firebase.database.connection.PersistentConnection - pc_0 - Listening on sessions (params: {})
2017-10-04 21:56:25:195 +0200 [FirebaseDatabaseWorker] DEBUG com.google.firebase.database.connection.PersistentConnection - pc_0 - Adding listen query: sessions (params: {})
2017-10-04 21:56:25:196 +0200 [FirebaseDatabaseWorker] DEBUG com.google.firebase.database.connection.PersistentConnection - pc_0 - Trying to fetch auth token
2017-10-04 21:56:26:276 +0200 [FirebaseDatabaseWorker] DEBUG com.google.firebase.database.core.Repo - Auth token changed, triggering auth token refresh
2017-10-04 21:56:26:276 +0200 [FirebaseDatabaseWorker] DEBUG com.google.firebase.database.connection.PersistentConnection - pc_0 - Auth token refreshed.
2017-10-04 21:56:26:276 +0200 [FirebaseDatabaseWorker] DEBUG com.google.firebase.database.connection.PersistentConnection - pc_0 - Successfully fetched token, opening connection
2017-10-04 21:56:26:291 +0200 [FirebaseDatabaseWorker] DEBUG com.google.firebase.database.connection.Connection - conn_0 - Opening a connection
2017-10-04 21:56:27:898 +0200 [FirebaseDatabaseWorker] DEBUG com.google.firebase.database.connection.WebsocketConnection - ws_0 - websocket opened
2017-10-04 21:56:27:898 +0200 [FirebaseDatabaseWorker] DEBUG com.google.firebase.database.connection.WebsocketConnection - ws_0 - Reset keepAlive
2017-10-04 21:56:27:899 +0200 [TubeSockReader-1] DEBUG com.google.firebase.database.connection.WebsocketConnection - ws_0 - ws message: {"t":"c","d":{"t":"h","d":{"ts":1507146987729,"v":"5","h":"s-usc1c-nss-229.firebaseio.com","s":"73FXwURVOiCc1vVNAonEzCFYjVynsMEj"}}}
2017-10-04 21:56:27:899 +0200 [FirebaseDatabaseWorker] DEBUG com.google.firebase.database.connection.WebsocketConnection - ws_0 - Reset keepAlive. Remaining: 44998
2017-10-04 21:56:27:900 +0200 [FirebaseDatabaseWorker] DEBUG com.google.firebase.database.connection.WebsocketConnection - ws_0 - HandleNewFrameCount: 1
2017-10-04 21:56:27:900 +0200 [FirebaseDatabaseWorker] DEBUG com.google.firebase.database.connection.WebsocketConnection - ws_0 - handleIncomingFrame complete frame: {t=c, d={t=h, d={h=s-usc1c-nss-229.firebaseio.com, s=73FXwURVOiCc1vVNAonEzCFYjVynsMEj, v=5, ts=1507146987729}}}
2017-10-04 21:56:27:900 +0200 [FirebaseDatabaseWorker] DEBUG com.google.firebase.database.connection.Connection - conn_0 - Got control message: {t=h, d={h=s-usc1c-nss-229.firebaseio.com, s=73FXwURVOiCc1vVNAonEzCFYjVynsMEj, v=5, ts=1507146987729}}
2017-10-04 21:56:27:900 +0200 [FirebaseDatabaseWorker] DEBUG com.google.firebase.database.connection.Connection - conn_0 - realtime connection established
2017-10-04 21:56:27:900 +0200 [FirebaseDatabaseWorker] DEBUG com.google.firebase.database.connection.PersistentConnection - pc_0 - onReady
2017-10-04 21:56:27:900 +0200 [FirebaseDatabaseWorker] DEBUG com.google.firebase.database.connection.PersistentConnection - pc_0 - handling timestamp
2017-10-04 21:56:27:901 +0200 [FirebaseDatabaseWorker] DEBUG com.google.firebase.database.connection.PersistentConnection - pc_0 - Sending first connection stats
2017-10-04 21:56:27:901 +0200 [FirebaseDatabaseWorker] DEBUG com.google.firebase.database.connection.Connection - conn_0 - Sending data: {t=d, d={a=s, r=0, b={c={sdk.admin_java.5-3-1=1}}}}
2017-10-04 21:56:27:901 +0200 [FirebaseDatabaseWorker] DEBUG com.google.firebase.database.connection.WebsocketConnection - ws_0 - Reset keepAlive. Remaining: 44997
2017-10-04 21:56:27:902 +0200 [FirebaseDatabaseWorker] DEBUG com.google.firebase.database.connection.PersistentConnection - pc_0 - calling restore state
2017-10-04 21:56:27:902 +0200 [FirebaseDatabaseWorker] DEBUG com.google.firebase.database.connection.PersistentConnection - pc_0 - Restoring auth.
2017-10-04 21:56:27:902 +0200 [FirebaseDatabaseWorker] DEBUG com.google.firebase.database.connection.Connection - conn_0 - Sending data (contents hidden)
2017-10-04 21:56:27:902 +0200 [FirebaseDatabaseWorker] DEBUG com.google.firebase.database.connection.WebsocketConnection - ws_0 - Reset keepAlive. Remaining: 44999
2017-10-04 21:56:28:214 +0200 [TubeSockReader-1] DEBUG com.google.firebase.database.connection.WebsocketConnection - ws_0 - ws message: {"t":"d","d":{"r":0,"b":{"s":"ok","d":""}}}
2017-10-04 21:56:28:214 +0200 [FirebaseDatabaseWorker] DEBUG com.google.firebase.database.connection.WebsocketConnection - ws_0 - Reset keepAlive. Remaining: 44687
2017-10-04 21:56:28:215 +0200 [FirebaseDatabaseWorker] DEBUG com.google.firebase.database.connection.WebsocketConnection - ws_0 - HandleNewFrameCount: 1
2017-10-04 21:56:28:215 +0200 [FirebaseDatabaseWorker] DEBUG com.google.firebase.database.connection.WebsocketConnection - ws_0 - handleIncomingFrame complete frame: {t=d, d={r=0, b={d=, s=ok}}}
2017-10-04 21:56:28:215 +0200 [FirebaseDatabaseWorker] DEBUG com.google.firebase.database.connection.Connection - conn_0 - received data message: {r=0, b={d=, s=ok}}
2017-10-04 21:56:28:345 +0200 [TubeSockReader-1] DEBUG com.google.firebase.database.connection.WebsocketConnection - ws_0 - ws message: {"t":"d","d":{"r":1,"b":{"s":"ok","d":{"auth":null,"expires":1507150588}}}}
2017-10-04 21:56:28:345 +0200 [FirebaseDatabaseWorker] DEBUG com.google.firebase.database.connection.WebsocketConnection - ws_0 - Reset keepAlive. Remaining: 44869
2017-10-04 21:56:28:345 +0200 [FirebaseDatabaseWorker] DEBUG com.google.firebase.database.connection.WebsocketConnection - ws_0 - HandleNewFrameCount: 1
2017-10-04 21:56:28:346 +0200 [FirebaseDatabaseWorker] DEBUG com.google.firebase.database.connection.WebsocketConnection - ws_0 - handleIncomingFrame complete frame: {t=d, d={r=1, b={d={auth=null, expires=1507150588}, s=ok}}}
2017-10-04 21:56:28:346 +0200 [FirebaseDatabaseWorker] DEBUG com.google.firebase.database.connection.Connection - conn_0 - received data message: {r=1, b={d={auth=null, expires=1507150588}, s=ok}}
2017-10-04 21:56:28:346 +0200 [FirebaseDatabaseWorker] DEBUG com.google.firebase.database.connection.PersistentConnection - pc_0 - Restoring outstanding listens
2017-10-04 21:56:28:346 +0200 [FirebaseDatabaseWorker] DEBUG com.google.firebase.database.connection.PersistentConnection - pc_0 - Restoring listen sessions (params: {})
2017-10-04 21:56:28:347 +0200 [FirebaseDatabaseWorker] DEBUG com.google.firebase.database.connection.Connection - conn_0 - Sending data: {t=d, d={a=q, r=2, b={p=sessions, h=}}}
2017-10-04 21:56:28:347 +0200 [FirebaseDatabaseWorker] DEBUG com.google.firebase.database.connection.WebsocketConnection - ws_0 - Reset keepAlive. Remaining: 44998
2017-10-04 21:56:28:347 +0200 [FirebaseDatabaseWorker] DEBUG com.google.firebase.database.connection.PersistentConnection - pc_0 - Restoring writes.
2017-10-04 21:56:28:662 +0200 [TubeSockReader-1] DEBUG com.google.firebase.database.connection.WebsocketConnection - ws_0 - ws message: {"t":"d","d":{"b":{"p":"sessions","d":{"0":{"date":"2017-09-28_12:38:00","filename":"auct_list01_20170928123800.wav","language":"English","name":"auct_list01_20170928123800","scrapped":0,"spliced":1,"verified":0,"wordlist":0},"1":{"date":"2017-09-28_12:34:23","filepath":"Input/auct_list02_20170928123423.wav","language":"English","name":"auct_list02_20170928123423","scrapped":0,"spliced":0,"verified":0,"wordlist":1},"2":{"date":"2017-09-28_12:38:55","filepath":"Input/auct_list03_20170928123855.wav","language":"English","name":"auct_list03_20170928123855","scrapped":0,"spliced":1,"verified":0,"wordlist":2},"7":{"date":"2017-10-04T19:25:13.342Z","filepath":"Input/auct_list01_20171004212513.wav","language":"English","name":"auct_list01_20171004212513.wav","scrapped":0,"spliced":0,"verified":0,"wordlist":0},"8":{"date":"2017-10-04T05:27:40.187Z","filepath":"Input/auct_list03_20171004072740.wav","language":"English","name":"auct_list03_20171004072740","scrapped":0,"spliced":1,"verified":0,"wordlist":2},"10":{"date":"2017-10-04T05:30:37.613Z","filepath":"Input/auct_list02_20171004073037.wav","language":"English","name":"auct_list02_20171004073037","scrapped":0,"spliced":1,"verified":0,"wordlist":1},"11":{"date":"2017-10-04T05:33:58.844Z","filepath":"Input/auct_list01_20171004073358.wav","language":"English","name":"auct_list01_20171004073358","scrapped":0,"spliced":1,"verified":0,"wordlist":0}}},"a":"d"}}
2017-10-04 21:56:28:662 +0200 [TubeSockReader-1] DEBUG com.google.firebase.database.connection.WebsocketConnection - ws_0 - ws message: {"t":"d","d":{"r":2,"b":{"s":"ok","d":{}}}}
2017-10-04 21:56:28:662 +0200 [FirebaseDatabaseWorker] DEBUG com.google.firebase.database.connection.WebsocketConnection - ws_0 - Reset keepAlive. Remaining: 44685
2017-10-04 21:56:28:662 +0200 [FirebaseDatabaseWorker] DEBUG com.google.firebase.database.connection.WebsocketConnection - ws_0 - HandleNewFrameCount: 1
2017-10-04 21:56:28:663 +0200 [FirebaseDatabaseWorker] DEBUG com.google.firebase.database.connection.WebsocketConnection - ws_0 - handleIncomingFrame complete frame: {t=d, d={a=d, b={p=sessions, d={0={date=2017-09-28_12:38:00, filename=auct_list01_20170928123800.wav, wordlist=0, spliced=1, name=auct_list01_20170928123800, verified=0, language=English, scrapped=0}, 11={date=2017-10-04T05:33:58.844Z, wordlist=0, filepath=Input/auct_list01_20171004073358.wav, spliced=1, name=auct_list01_20171004073358, verified=0, language=English, scrapped=0}, 1={date=2017-09-28_12:34:23, wordlist=1, filepath=Input/auct_list02_20170928123423.wav, spliced=0, name=auct_list02_20170928123423, verified=0, language=English, scrapped=0}, 2={date=2017-09-28_12:38:55, wordlist=2, filepath=Input/auct_list03_20170928123855.wav, spliced=1, name=auct_list03_20170928123855, verified=0, language=English, scrapped=0}, 7={date=2017-10-04T19:25:13.342Z, wordlist=0, filepath=Input/auct_list01_20171004212513.wav, spliced=0, name=auct_list01_20171004212513.wav, verified=0, language=English, scrapped=0}, 8={date=2017-10-04T05:27:40.187Z, wordlist=2, filepath=Input/auct_list03_20171004072740.wav, spliced=1, name=auct_list03_20171004072740, verified=0, language=English, scrapped=0}, 10={date=2017-10-04T05:30:37.613Z, wordlist=1, filepath=Input/auct_list02_20171004073037.wav, spliced=1, name=auct_list02_20171004073037, verified=0, language=English, scrapped=0}}}}}
2017-10-04 21:56:28:663 +0200 [FirebaseDatabaseWorker] DEBUG com.google.firebase.database.connection.Connection - conn_0 - received data message: {a=d, b={p=sessions, d={0={date=2017-09-28_12:38:00, filename=auct_list01_20170928123800.wav, wordlist=0, spliced=1, name=auct_list01_20170928123800, verified=0, language=English, scrapped=0}, 11={date=2017-10-04T05:33:58.844Z, wordlist=0, filepath=Input/auct_list01_20171004073358.wav, spliced=1, name=auct_list01_20171004073358, verified=0, language=English, scrapped=0}, 1={date=2017-09-28_12:34:23, wordlist=1, filepath=Input/auct_list02_20170928123423.wav, spliced=0, name=auct_list02_20170928123423, verified=0, language=English, scrapped=0}, 2={date=2017-09-28_12:38:55, wordlist=2, filepath=Input/auct_list03_20170928123855.wav, spliced=1, name=auct_list03_20170928123855, verified=0, language=English, scrapped=0}, 7={date=2017-10-04T19:25:13.342Z, wordlist=0, filepath=Input/auct_list01_20171004212513.wav, spliced=0, name=auct_list01_20171004212513.wav, verified=0, language=English, scrapped=0}, 8={date=2017-10-04T05:27:40.187Z, wordlist=2, filepath=Input/auct_list03_20171004072740.wav, spliced=1, name=auct_list03_20171004072740, verified=0, language=English, scrapped=0}, 10={date=2017-10-04T05:30:37.613Z, wordlist=1, filepath=Input/auct_list02_20171004073037.wav, spliced=1, name=auct_list02_20171004073037, verified=0, language=English, scrapped=0}}}}
2017-10-04 21:56:28:663 +0200 [FirebaseDatabaseWorker] DEBUG com.google.firebase.database.connection.PersistentConnection - pc_0 - handleServerMessage: d {p=sessions, d={0={date=2017-09-28_12:38:00, filename=auct_list01_20170928123800.wav, wordlist=0, spliced=1, name=auct_list01_20170928123800, verified=0, language=English, scrapped=0}, 11={date=2017-10-04T05:33:58.844Z, wordlist=0, filepath=Input/auct_list01_20171004073358.wav, spliced=1, name=auct_list01_20171004073358, verified=0, language=English, scrapped=0}, 1={date=2017-09-28_12:34:23, wordlist=1, filepath=Input/auct_list02_20170928123423.wav, spliced=0, name=auct_list02_20170928123423, verified=0, language=English, scrapped=0}, 2={date=2017-09-28_12:38:55, wordlist=2, filepath=Input/auct_list03_20170928123855.wav, spliced=1, name=auct_list03_20170928123855, verified=0, language=English, scrapped=0}, 7={date=2017-10-04T19:25:13.342Z, wordlist=0, filepath=Input/auct_list01_20171004212513.wav, spliced=0, name=auct_list01_20171004212513.wav, verified=0, language=English, scrapped=0}, 8={date=2017-10-04T05:27:40.187Z, wordlist=2, filepath=Input/auct_list03_20171004072740.wav, spliced=1, name=auct_list03_20171004072740, verified=0, language=English, scrapped=0}, 10={date=2017-10-04T05:30:37.613Z, wordlist=1, filepath=Input/auct_list02_20171004073037.wav, spliced=1, name=auct_list02_20171004073037, verified=0, language=English, scrapped=0}}}
2017-10-04 21:56:28:663 +0200 [FirebaseDatabaseWorker] DEBUG com.google.firebase.database.core.Repo - onDataUpdate: /sessions
2017-10-04 21:56:28:663 +0200 [FirebaseDatabaseWorker] DEBUG com.google.firebase.database.core.Repo - onDataUpdate: /sessions {0={date=2017-09-28_12:38:00, filename=auct_list01_20170928123800.wav, wordlist=0, spliced=1, name=auct_list01_20170928123800, verified=0, language=English, scrapped=0}, 11={date=2017-10-04T05:33:58.844Z, wordlist=0, filepath=Input/auct_list01_20171004073358.wav, spliced=1, name=auct_list01_20171004073358, verified=0, language=English, scrapped=0}, 1={date=2017-09-28_12:34:23, wordlist=1, filepath=Input/auct_list02_20170928123423.wav, spliced=0, name=auct_list02_20170928123423, verified=0, language=English, scrapped=0}, 2={date=2017-09-28_12:38:55, wordlist=2, filepath=Input/auct_list03_20170928123855.wav, spliced=1, name=auct_list03_20170928123855, verified=0, language=English, scrapped=0}, 7={date=2017-10-04T19:25:13.342Z, wordlist=0, filepath=Input/auct_list01_20171004212513.wav, spliced=0, name=auct_list01_20171004212513.wav, verified=0, language=English, scrapped=0}, 8={date=2017-10-04T05:27:40.187Z, wordlist=2, filepath=Input/auct_list03_20171004072740.wav, spliced=1, name=auct_list03_20171004072740, verified=0, language=English, scrapped=0}, 10={date=2017-10-04T05:30:37.613Z, wordlist=1, filepath=Input/auct_list02_20171004073037.wav, spliced=1, name=auct_list02_20171004073037, verified=0, language=English, scrapped=0}}
2017-10-04 21:56:28:668 +0200 [FirebaseDatabaseWorker] DEBUG com.google.firebase.database.core.view.EventRaiser - Raising 1 event(s)
2017-10-04 21:56:28:669 +0200 [FirebaseDatabaseWorker] DEBUG com.google.firebase.database.connection.WebsocketConnection - ws_0 - Reset keepAlive. Remaining: 44993
2017-10-04 21:56:28:669 +0200 [FirebaseDatabaseWorker] DEBUG com.google.firebase.database.connection.WebsocketConnection - ws_0 - HandleNewFrameCount: 1
2017-10-04 21:56:28:669 +0200 [FirebaseDatabaseWorker] DEBUG com.google.firebase.database.connection.WebsocketConnection - ws_0 - handleIncomingFrame complete frame: {t=d, d={r=2, b={d={}, s=ok}}}
2017-10-04 21:56:28:669 +0200 [FirebaseDatabaseWorker] DEBUG com.google.firebase.database.connection.Connection - conn_0 - received data message: {r=2, b={d={}, s=ok}}
2017-10-04 21:56:28:669 +0200 [FirebaseDatabaseEventTarget] DEBUG com.google.firebase.database.core.view.EventRaiser - Raising /sessions: VALUE: {0={date=2017-09-28_12:38:00, filename=auct_list01_20170928123800.wav, wordlist=0, spliced=1, name=auct_list01_20170928123800, verified=0, language=English, scrapped=0}, 11={date=2017-10-04T05:33:58.844Z, wordlist=0, filepath=Input/auct_list01_20171004073358.wav, spliced=1, name=auct_list01_20171004073358, verified=0, language=English, scrapped=0}, 1={date=2017-09-28_12:34:23, wordlist=1, filepath=Input/auct_list02_20170928123423.wav, spliced=0, name=auct_list02_20170928123423, verified=0, language=English, scrapped=0}, 2={date=2017-09-28_12:38:55, wordlist=2, filepath=Input/auct_list03_20170928123855.wav, spliced=1, name=auct_list03_20170928123855, verified=0, language=English, scrapped=0}, 7={date=2017-10-04T19:25:13.342Z, wordlist=0, filepath=Input/auct_list01_20171004212513.wav, spliced=0, name=auct_list01_20171004212513.wav, verified=0, language=English, scrapped=0}, 8={date=2017-10-04T05:27:40.187Z, wordlist=2, filepath=Input/auct_list03_20171004072740.wav, spliced=1, name=auct_list03_20171004072740, verified=0, language=English, scrapped=0}, 10={date=2017-10-04T05:30:37.613Z, wordlist=1, filepath=Input/auct_list02_20171004073037.wav, spliced=1, name=auct_list02_20171004073037, verified=0, language=English, scrapped=0}}
2017-10-04 21:56:28:670 +0200 [FirebaseDatabaseWorker] DEBUG com.google.firebase.database.connection.PersistentConnection - pc_0 - unlistening on sessions (params: {})
2017-10-04 21:56:28:671 +0200 [FirebaseDatabaseWorker] DEBUG com.google.firebase.database.connection.PersistentConnection - pc_0 - removing query sessions (params: {})
2017-10-04 21:56:28:671 +0200 [FirebaseDatabaseWorker] DEBUG com.google.firebase.database.connection.Connection - conn_0 - Sending data: {t=d, d={a=n, r=3, b={p=sessions}}}
2017-10-04 21:56:28:673 +0200 [FirebaseDatabaseWorker] DEBUG com.google.firebase.database.connection.WebsocketConnection - ws_0 - Reset keepAlive. Remaining: 44997
2017-10-04 21:56:28:675 +0200 [FirebaseDatabaseEventTarget] WARN com.google.firebase.database.utilities.encoding.CustomClassMapper - No setter/field for filename found on class models.SessionModel
2017-10-04 21:56:28:675 +0200 [FirebaseDatabaseEventTarget] WARN com.google.firebase.database.utilities.encoding.CustomClassMapper - No setter/field for wordlist found on class models.SessionModel
2017-10-04 21:56:28:675 +0200 [FirebaseDatabaseEventTarget] WARN com.google.firebase.database.utilities.encoding.CustomClassMapper - No setter/field for wordlist found on class models.SessionModel
2017-10-04 21:56:28:675 +0200 [FirebaseDatabaseEventTarget] WARN com.google.firebase.database.utilities.encoding.CustomClassMapper - No setter/field for wordlist found on class models.SessionModel
2017-10-04 21:56:28:675 +0200 [FirebaseDatabaseEventTarget] WARN com.google.firebase.database.utilities.encoding.CustomClassMapper - No setter/field for wordlist found on class models.SessionModel
2017-10-04 21:56:28:675 +0200 [FirebaseDatabaseEventTarget] WARN com.google.firebase.database.utilities.encoding.CustomClassMapper - No setter/field for wordlist found on class models.SessionModel
2017-10-04 21:56:28:675 +0200 [FirebaseDatabaseEventTarget] WARN com.google.firebase.database.utilities.encoding.CustomClassMapper - No setter/field for wordlist found on class models.SessionModel
2017-10-04 21:56:28:676 +0200 [FirebaseDatabaseEventTarget] WARN com.google.firebase.database.utilities.encoding.CustomClassMapper - No setter/field for wordlist found on class models.SessionModel
